0 verbose cli D:\nodejs\node.exe D:\nodejs\node_modules\npm\bin\npm-cli.js
1 info using npm@10.9.0
2 info using node@v23.1.0
3 silly config load:file:D:\nodejs\node_modules\npm\npmrc
4 silly config load:file:C:\Users\27638\.npmrc
5 silly config load:file:D:\nodejs\node_global\etc\npmrc
6 verbose title npm search @web-types
7 verbose argv "search" "--json" "@web-types"
8 verbose logfile logs-max:10 dir:c:\Users\27638\Desktop\新建文件夹\node_cache\_logs\2026-04-12T14_41_49_415Z-
9 verbose logfile c:\Users\27638\Desktop\新建文件夹\node_cache\_logs\2026-04-12T14_41_49_415Z-debug-0.log
10 silly logfile start cleaning logs, removing 1 files
11 silly search searching packages
12 silly logfile done cleaning log files
13 http fetch GET 200 https://registry.npmmirror.com/-/v1/search?text=%40web-types&size=20&from=0&quality=0.65&popularity=0.98&maintenance=0.5 639ms (cache updated)
14 silly search search completed
15 verbose cwd C:\Users\27638\Desktop\新建文件夹
16 verbose os Windows_NT 10.0.22631
17 verbose node v23.1.0
18 verbose npm  v10.9.0
19 verbose exit 0
20 info ok
